<?xml version="1.0" encoding="UTF-8"?>
<!-- Generated by org.testng.reporters.JUnitXMLReporter -->
<testsuite ignored="0" hostname="karan" failures="0" tests="1" name="Test" time="13.747" errors="0" timestamp="2024-05-21T10:31:05 IST">
  <testcase classname="DataDrivenBaseClass.BaseClassXml1" name="@BeforeMethod beforeMethod" time="-1.716267664962E9">
    <failure type="org.testng.TestNGException" message="
Parameter &amp;apos;usrname&amp;apos; is required by BeforeMethod on method beforeMethod but has not been marked @Optional or defined
in C:\eclipse\ide programs\COM.CRM.ADVANCED_SELENIUM\Data.xml">
      <![CDATA[org.testng.TestNGException: 
Parameter 'usrname' is required by BeforeMethod on method beforeMethod but has not been marked @Optional or defined
in C:\eclipse\ide programs\COM.CRM.ADVANCED_SELENIUM\Data.xml
at java.base/java.util.ArrayList.forEach(ArrayList.java:1511)
... Removed 28 stack frames]]>
    </failure>
  </testcase> <!-- @BeforeMethod beforeMethod -->
  <testcase classname="DataDrivenBaseClass.BaseClassXml1" name="@AfterMethod afterMethod" time="0.0">
    <skipped/>
  </testcase> <!-- @AfterMethod afterMethod -->
  <testcase classname="DataDrivenBaseClass.BaseClassXml1" name="@AfterClass afterClass" time="0.0">
    <skipped/>
  </testcase> <!-- @AfterClass afterClass -->
  <testcase classname="DataDrivenBaseClass.BaseClassXml1" name="@AfterTest afterTest" time="0.0">
    <skipped/>
  </testcase> <!-- @AfterTest afterTest -->
  <testcase classname="DataDrivenBaseClass.BaseClassXml1" name="beforeSuite" time="0.002">
    <skipped/>
  </testcase> <!-- beforeSuite -->
</testsuite> <!-- Test -->
